#Distance_(Ang)    @O_=>_@O1
       0.025000     0.000000
       0.075000     0.000000
       0.125000     0.000000
       0.175000     0.000000
       0.225000     0.000000
       0.275000     0.000000
       0.325000     0.000000
       0.375000     0.000000
       0.425000     0.000000
       0.475000     0.000000
       0.525000     0.000000
       0.575000     0.000000
       0.625000     0.000000
       0.675000     0.000000
       0.725000     0.000000
       0.775000     0.000000
       0.825000     0.000000
       0.875000     0.000000
       0.925000     0.000000
       0.975000     0.000000
       1.025000     0.000000
       1.075000     0.000000
       1.125000     0.000000
       1.175000     0.000000
       1.225000     0.000000
       1.275000     0.000000
       1.325000     0.000000
       1.375000     0.000000
       1.425000     0.000000
       1.475000     0.000000
       1.525000     0.000000
       1.575000     0.000000
       1.625000     0.000000
       1.675000     0.000000
       1.725000     0.000000
       1.775000     0.000000
       1.825000     0.000000
       1.875000     0.000000
       1.925000     0.000000
       1.975000     0.000000
       2.025000     0.000000
       2.075000     0.000000
       2.125000     0.000000
       2.175000     0.000000
       2.225000     0.000000
       2.275000     0.004689
       2.325000     0.067340
       2.375000     0.444860
       2.425000     1.096062
       2.475000     1.743936
       2.525000     2.147543
       2.575000     2.122783
       2.625000     1.926466
       2.675000     1.700473
       2.725000     1.446478
       2.775000     1.253010
       2.825000     1.142150
       2.875000     1.071060
       2.925000     1.053478
       2.975000     0.959687
       3.025000     0.958458
       3.075000     0.927030
       3.125000     0.890645
       3.175000     0.918185
       3.225000     0.974868
       3.275000     0.992392
       3.325000     0.931161
       3.375000     0.926360
       3.425000     0.935508
       3.475000     0.993590
       3.525000     0.965213
       3.575000     1.040560
       3.625000     1.018332
       3.675000     1.000156
       3.725000     1.047294
       3.775000     0.991466
       3.825000     0.987278
       3.875000     1.068958
       3.925000     1.122867
       3.975000     1.074830
       4.025000     1.098325
       4.075000     1.128535
       4.125000     1.145270
       4.175000     1.160607
       4.225000     1.225204
       4.275000     1.251422
       4.325000     1.248862
       4.375000     1.206533
       4.425000     1.243375
       4.475000     1.249678
       4.525000     1.241177
       4.575000     1.249444
       4.625000     1.292916
       4.675000     1.278733
       4.725000     1.322470
       4.775000     1.313227
       4.825000     1.342859
       4.875000     1.373865
       4.925000     1.410545
       4.975000     1.424498
       5.025000     1.424932
       5.075000     1.454659
       5.125000     1.447296
       5.175000     1.458068
       5.225000     1.452519
       5.275000     1.362493
       5.325000     1.353288
       5.375000     1.331588
       5.425000     1.337006
       5.475000     1.333100
       5.525000     1.355987
       5.575000     1.326776
       5.625000     1.326764
       5.675000     1.333630
       5.725000     1.333539
       5.775000     1.312148
       5.825000     1.319616
       5.875000     1.358843
       5.925000     1.321904
       5.975000     1.298513
       6.025000     1.276649
       6.075000     1.256642
       6.125000     1.244618
       6.175000     1.237783
       6.225000     1.258185
       6.275000     1.236612
       6.325000     1.230363
       6.375000     1.230964
       6.425000     1.205531
       6.475000     1.242669
       6.525000     1.251742
       6.575000     1.234573
       6.625000     1.227399
       6.675000     1.223133
       6.725000     1.147810
       6.775000     1.153771
       6.825000     1.111608
       6.875000     1.108437
       6.925000     1.091172
       6.975000     1.079974
       7.025000     1.075769
       7.075000     1.057612
       7.125000     0.999987
       7.175000     0.995810
       7.225000     0.996394
       7.275000     0.981828
       7.325000     0.944407
       7.375000     0.946816
       7.425000     0.924246
       7.475000     0.895679
       7.525000     0.896245
       7.575000     0.874556
       7.625000     0.841752
       7.675000     0.820438
       7.725000     0.810015
       7.775000     0.806937
       7.825000     0.771608
       7.875000     0.756597
       7.925000     0.740357
       7.975000     0.696150
