#Distance_(Ang)    @O_=>_@S1
       0.025000     0.000000
       0.075000     0.000000
       0.125000     0.000000
       0.175000     0.000000
       0.225000     0.000000
       0.275000     0.000000
       0.325000     0.000000
       0.375000     0.000000
       0.425000     0.000000
       0.475000     0.000000
       0.525000     0.000000
       0.575000     0.000000
       0.625000     0.000000
       0.675000     0.000000
       0.725000     0.000000
       0.775000     0.000000
       0.825000     0.000000
       0.875000     0.000000
       0.925000     0.000000
       0.975000     0.000000
       1.025000     0.000000
       1.075000     0.000000
       1.125000     0.000000
       1.175000     0.000000
       1.225000     0.000000
       1.275000     0.000000
       1.325000     0.000000
       1.375000     0.000000
       1.425000     0.000000
       1.475000     0.000000
       1.525000     0.000000
       1.575000     0.000000
       1.625000     0.000000
       1.675000     0.000000
       1.725000     0.000000
       1.775000     0.000000
       1.825000     0.000000
       1.875000     0.000000
       1.925000     0.000000
       1.975000     0.000000
       2.025000     0.000000
       2.075000     0.000000
       2.125000     0.000000
       2.175000     0.000000
       2.225000     0.000000
       2.275000     0.000000
       2.325000     0.000000
       2.375000     0.000000
       2.425000     0.000000
       2.475000     0.000000
       2.525000     0.000000
       2.575000     0.000000
       2.625000     0.000000
       2.675000     0.000000
       2.725000     0.000000
       2.775000     0.000000
       2.825000     0.000000
       2.875000     0.006459
       2.925000     0.029500
       2.975000     0.100356
       3.025000     0.250355
       3.075000     0.489693
       3.125000     0.797206
       3.175000     1.192629
       3.225000     1.541870
       3.275000     1.986594
       3.325000     2.237685
       3.375000     2.422853
       3.425000     2.493722
       3.475000     2.506483
       3.525000     2.474944
       3.575000     2.322651
       3.625000     2.255697
       3.675000     2.064640
       3.725000     1.958166
       3.775000     1.907660
       3.825000     1.708164
       3.875000     1.617174
       3.925000     1.483923
       3.975000     1.432390
       4.025000     1.347890
       4.075000     1.277018
       4.125000     1.239688
       4.175000     1.225766
       4.225000     1.175174
       4.275000     1.199368
       4.325000     1.121978
       4.375000     1.134009
       4.425000     1.128853
       4.475000     1.064504
       4.525000     1.065763
       4.575000     1.082017
       4.625000     1.127955
       4.675000     1.144153
       4.725000     1.182679
       4.775000     1.228928
       4.825000     1.232570
       4.875000     1.227431
       4.925000     1.203436
       4.975000     1.236630
       5.025000     1.204262
       5.075000     1.213252
       5.125000     1.179346
       5.175000     1.200890
       5.225000     1.147970
       5.275000     1.111484
       5.325000     1.087971
       5.375000     1.096048
       5.425000     1.143885
       5.475000     1.174416
       5.525000     1.184103
       5.575000     1.236981
       5.625000     1.233190
       5.675000     1.271086
       5.725000     1.304514
       5.775000     1.299632
       5.825000     1.280707
       5.875000     1.340000
       5.925000     1.375687
       5.975000     1.348952
       6.025000     1.361821
       6.075000     1.342259
       6.125000     1.353037
       6.175000     1.343689
       6.225000     1.348369
       6.275000     1.348785
       6.325000     1.341012
       6.375000     1.335465
       6.425000     1.335690
       6.475000     1.323129
       6.525000     1.278191
       6.575000     1.281729
       6.625000     1.273514
       6.675000     1.254615
       6.725000     1.253951
       6.775000     1.210556
       6.825000     1.186215
       6.875000     1.183606
       6.925000     1.167790
       6.975000     1.132651
       7.025000     1.093178
       7.075000     1.050630
       7.125000     1.021499
       7.175000     1.008349
       7.225000     1.028844
       7.275000     1.006130
       7.325000     0.965937
       7.375000     0.920312
       7.425000     0.909191
       7.475000     0.904974
       7.525000     0.885445
       7.575000     0.866351
       7.625000     0.836326
       7.675000     0.805359
       7.725000     0.787160
       7.775000     0.762615
       7.825000     0.725791
       7.875000     0.728735
       7.925000     0.693834
       7.975000     0.667227
