#Distance_(Ang)    @O_=>_@S1
       0.025000     0.000000
       0.075000     0.000000
       0.125000     0.000000
       0.175000     0.000000
       0.225000     0.000000
       0.275000     0.000000
       0.325000     0.000000
       0.375000     0.000000
       0.425000     0.000000
       0.475000     0.000000
       0.525000     0.000000
       0.575000     0.000000
       0.625000     0.000000
       0.675000     0.000000
       0.725000     0.000000
       0.775000     0.000000
       0.825000     0.000000
       0.875000     0.000000
       0.925000     0.000000
       0.975000     0.000000
       1.025000     0.000000
       1.075000     0.000000
       1.125000     0.000000
       1.175000     0.000000
       1.225000     0.000000
       1.275000     0.000000
       1.325000     0.000000
       1.375000     0.000000
       1.425000     0.000000
       1.475000     0.000000
       1.525000     0.000000
       1.575000     0.000000
       1.625000     0.000000
       1.675000     0.000000
       1.725000     0.000000
       1.775000     0.000000
       1.825000     0.000000
       1.875000     0.000000
       1.925000     0.000000
       1.975000     0.000000
       2.025000     0.000000
       2.075000     0.000000
       2.125000     0.000000
       2.175000     0.000000
       2.225000     0.000000
       2.275000     0.000000
       2.325000     0.000000
       2.375000     0.000000
       2.425000     0.000000
       2.475000     0.000000
       2.525000     0.000000
       2.575000     0.000000
       2.625000     0.000000
       2.675000     0.000000
       2.725000     0.000000
       2.775000     0.001891
       2.825000     0.006690
       2.875000     0.031122
       2.925000     0.114027
       2.975000     0.263228
       3.025000     0.496998
       3.075000     0.836175
       3.125000     1.197798
       3.175000     1.518110
       3.225000     1.873670
       3.275000     2.247703
       3.325000     2.426463
       3.375000     2.578383
       3.425000     2.538408
       3.475000     2.545873
       3.525000     2.350337
       3.575000     2.193151
       3.625000     1.974981
       3.675000     1.892856
       3.725000     1.698616
       3.775000     1.608960
       3.825000     1.523049
       3.875000     1.474625
       3.925000     1.405474
       3.975000     1.298151
       4.025000     1.260707
       4.075000     1.230252
       4.125000     1.138424
       4.175000     1.139723
       4.225000     1.141457
       4.275000     1.072154
       4.325000     1.079424
       4.375000     1.093437
       4.425000     1.091919
       4.475000     1.101830
       4.525000     1.138536
       4.575000     1.153672
       4.625000     1.166302
       4.675000     1.205891
       4.725000     1.235291
       4.775000     1.273419
       4.825000     1.277186
       4.875000     1.273587
       4.925000     1.308691
       4.975000     1.265654
       5.025000     1.238478
       5.075000     1.225313
       5.125000     1.200413
       5.175000     1.159386
       5.225000     1.158104
       5.275000     1.132591
       5.325000     1.128367
       5.375000     1.137545
       5.425000     1.148832
       5.475000     1.136851
       5.525000     1.147214
       5.575000     1.208247
       5.625000     1.245001
       5.675000     1.284649
       5.725000     1.296517
       5.775000     1.352171
       5.825000     1.367537
       5.875000     1.375015
       5.925000     1.383014
       5.975000     1.373832
       6.025000     1.384953
       6.075000     1.364485
       6.125000     1.414104
       6.175000     1.385441
       6.225000     1.389828
       6.275000     1.358030
       6.325000     1.344894
       6.375000     1.340481
       6.425000     1.320757
       6.475000     1.334359
       6.525000     1.283549
       6.575000     1.266796
       6.625000     1.255488
       6.675000     1.253853
       6.725000     1.237424
       6.775000     1.183908
       6.825000     1.146827
       6.875000     1.159165
       6.925000     1.133074
       6.975000     1.111301
       7.025000     1.083933
       7.075000     1.057321
       7.125000     1.036893
       7.175000     1.029280
       7.225000     1.032099
       7.275000     1.004663
       7.325000     0.974531
       7.375000     0.953241
       7.425000     0.943175
       7.475000     0.895853
       7.525000     0.855958
       7.575000     0.849433
       7.625000     0.818711
       7.675000     0.790775
       7.725000     0.785696
       7.775000     0.746477
       7.825000     0.716516
       7.875000     0.702046
       7.925000     0.690279
       7.975000     0.665319
