#Distance_(Ang)    @O_=>_@S1
       0.025000     0.000000
       0.075000     0.000000
       0.125000     0.000000
       0.175000     0.000000
       0.225000     0.000000
       0.275000     0.000000
       0.325000     0.000000
       0.375000     0.000000
       0.425000     0.000000
       0.475000     0.000000
       0.525000     0.000000
       0.575000     0.000000
       0.625000     0.000000
       0.675000     0.000000
       0.725000     0.000000
       0.775000     0.000000
       0.825000     0.000000
       0.875000     0.000000
       0.925000     0.000000
       0.975000     0.000000
       1.025000     0.000000
       1.075000     0.000000
       1.125000     0.000000
       1.175000     0.000000
       1.225000     0.000000
       1.275000     0.000000
       1.325000     0.000000
       1.375000     0.000000
       1.425000     0.000000
       1.475000     0.000000
       1.525000     0.000000
       1.575000     0.000000
       1.625000     0.000000
       1.675000     0.000000
       1.725000     0.000000
       1.775000     0.000000
       1.825000     0.000000
       1.875000     0.000000
       1.925000     0.000000
       1.975000     0.000000
       2.025000     0.000000
       2.075000     0.000000
       2.125000     0.000000
       2.175000     0.000000
       2.225000     0.000000
       2.275000     0.000000
       2.325000     0.000000
       2.375000     0.000000
       2.425000     0.000000
       2.475000     0.000000
       2.525000     0.000000
       2.575000     0.000000
       2.625000     0.000000
       2.675000     0.000000
       2.725000     0.000000
       2.775000     0.002521
       2.825000     0.006082
       2.875000     0.044040
       2.925000     0.112326
       2.975000     0.261035
       3.025000     0.468886
       3.075000     0.729920
       3.125000     1.081497
       3.175000     1.482962
       3.225000     1.766803
       3.275000     2.169868
       3.325000     2.377293
       3.375000     2.498700
       3.425000     2.477999
       3.475000     2.421674
       3.525000     2.302682
       3.575000     2.113400
       3.625000     2.087268
       3.675000     1.889622
       3.725000     1.788514
       3.775000     1.683210
       3.825000     1.503144
       3.875000     1.398017
       3.925000     1.355380
       3.975000     1.235793
       4.025000     1.155548
       4.075000     1.226160
       4.125000     1.231986
       4.175000     1.207110
       4.225000     1.186594
       4.275000     1.137487
       4.325000     1.170760
       4.375000     1.147449
       4.425000     1.149676
       4.475000     1.115160
       4.525000     1.178123
       4.575000     1.167817
       4.625000     1.174698
       4.675000     1.167027
       4.725000     1.187897
       4.775000     1.268523
       4.825000     1.301579
       4.875000     1.286658
       4.925000     1.304289
       4.975000     1.303502
       5.025000     1.275961
       5.075000     1.241708
       5.125000     1.210946
       5.175000     1.171348
       5.225000     1.161304
       5.275000     1.154744
       5.325000     1.146854
       5.375000     1.122592
       5.425000     1.131021
       5.475000     1.165511
       5.525000     1.155641
       5.575000     1.181387
       5.625000     1.200515
       5.675000     1.234915
       5.725000     1.258014
       5.775000     1.275910
       5.825000     1.293581
       5.875000     1.315391
       5.925000     1.342781
       5.975000     1.325160
       6.025000     1.346178
       6.075000     1.351597
       6.125000     1.383312
       6.175000     1.390151
       6.225000     1.344987
       6.275000     1.379848
       6.325000     1.391362
       6.375000     1.376907
       6.425000     1.377077
       6.475000     1.330770
       6.525000     1.315469
       6.575000     1.330680
       6.625000     1.307906
       6.675000     1.283374
       6.725000     1.265542
       6.775000     1.203259
       6.825000     1.192571
       6.875000     1.166354
       6.925000     1.153418
       6.975000     1.139934
       7.025000     1.097800
       7.075000     1.088835
       7.125000     1.070356
       7.175000     1.025414
       7.225000     0.999834
       7.275000     0.972565
       7.325000     0.969827
       7.375000     0.940123
       7.425000     0.918172
       7.475000     0.884213
       7.525000     0.847387
       7.575000     0.829978
       7.625000     0.821633
       7.675000     0.804206
       7.725000     0.771055
       7.775000     0.756031
       7.825000     0.728010
       7.875000     0.712925
       7.925000     0.667712
       7.975000     0.658603
