#Distance_(Ang)    @O_=>_@S1
       0.025000     0.000000
       0.075000     0.000000
       0.125000     0.000000
       0.175000     0.000000
       0.225000     0.000000
       0.275000     0.000000
       0.325000     0.000000
       0.375000     0.000000
       0.425000     0.000000
       0.475000     0.000000
       0.525000     0.000000
       0.575000     0.000000
       0.625000     0.000000
       0.675000     0.000000
       0.725000     0.000000
       0.775000     0.000000
       0.825000     0.000000
       0.875000     0.000000
       0.925000     0.000000
       0.975000     0.000000
       1.025000     0.000000
       1.075000     0.000000
       1.125000     0.000000
       1.175000     0.000000
       1.225000     0.000000
       1.275000     0.000000
       1.325000     0.000000
       1.375000     0.000000
       1.425000     0.000000
       1.475000     0.000000
       1.525000     0.000000
       1.575000     0.000000
       1.625000     0.000000
       1.675000     0.000000
       1.725000     0.000000
       1.775000     0.000000
       1.825000     0.000000
       1.875000     0.000000
       1.925000     0.000000
       1.975000     0.000000
       2.025000     0.000000
       2.075000     0.000000
       2.125000     0.000000
       2.175000     0.000000
       2.225000     0.000000
       2.275000     0.000000
       2.325000     0.000000
       2.375000     0.000000
       2.425000     0.000000
       2.475000     0.000000
       2.525000     0.000000
       2.575000     0.000000
       2.625000     0.000000
       2.675000     0.000000
       2.725000     0.000000
       2.775000     0.000000
       2.825000     0.005474
       2.875000     0.016442
       2.925000     0.047086
       2.975000     0.126679
       3.025000     0.302866
       3.075000     0.599541
       3.125000     0.939352
       3.175000     1.293740
       3.225000     1.769137
       3.275000     2.108777
       3.325000     2.319342
       3.375000     2.482934
       3.425000     2.509859
       3.475000     2.469906
       3.525000     2.373384
       3.575000     2.195050
       3.625000     2.096502
       3.675000     1.864825
       3.725000     1.826992
       3.775000     1.742132
       3.825000     1.622573
       3.875000     1.463311
       3.925000     1.457143
       3.975000     1.365424
       4.025000     1.320027
       4.075000     1.246328
       4.125000     1.237120
       4.175000     1.190681
       4.225000     1.179252
       4.275000     1.150501
       4.325000     1.174133
       4.375000     1.192079
       4.425000     1.162565
       4.475000     1.179632
       4.525000     1.177886
       4.575000     1.163643
       4.625000     1.130678
       4.675000     1.193011
       4.725000     1.204854
       4.775000     1.244255
       4.825000     1.275518
       4.875000     1.262559
       4.925000     1.306490
       4.975000     1.264477
       5.025000     1.271347
       5.075000     1.250566
       5.125000     1.245132
       5.175000     1.204514
       5.225000     1.170549
       5.275000     1.151953
       5.325000     1.162944
       5.375000     1.117216
       5.425000     1.104799
       5.475000     1.108676
       5.525000     1.124477
       5.575000     1.155463
       5.625000     1.178425
       5.675000     1.135598
       5.725000     1.196113
       5.775000     1.235015
       5.825000     1.256961
       5.875000     1.285297
       5.925000     1.323286
       5.975000     1.343106
       6.025000     1.325185
       6.075000     1.348966
       6.125000     1.378784
       6.175000     1.364056
       6.225000     1.357763
       6.275000     1.399201
       6.325000     1.397307
       6.375000     1.370100
       6.425000     1.360616
       6.475000     1.373836
       6.525000     1.329606
       6.575000     1.337866
       6.625000     1.330576
       6.675000     1.286098
       6.725000     1.258781
       6.775000     1.249364
       6.825000     1.232063
       6.875000     1.222217
       6.925000     1.182567
       6.975000     1.158790
       7.025000     1.143632
       7.075000     1.106386
       7.125000     1.076380
       7.175000     1.038897
       7.225000     1.005878
       7.275000     0.978801
       7.325000     0.939794
       7.375000     0.922364
       7.425000     0.886653
       7.475000     0.856155
       7.525000     0.841558
       7.575000     0.810269
       7.625000     0.800345
       7.675000     0.795472
       7.725000     0.750722
       7.775000     0.733469
       7.825000     0.693369
       7.875000     0.677784
       7.925000     0.667867
       7.975000     0.628306
