#Distance_(Ang) :OHS@SE_=>_:WAT@O
       0.025000          0.000000
       0.025000          0.000000
       0.075000          0.000000
       0.125000          0.000000
       0.175000          0.000000
       0.225000          0.000000
       0.275000          0.000000
       0.325000          0.000000
       0.375000          0.000000
       0.425000          0.000000
       0.475000          0.000000
       0.525000          0.000000
       0.575000          0.000000
       0.625000          0.000000
       0.675000          0.000000
       0.725000          0.000000
       0.775000          0.000000
       0.825000          0.000000
       0.875000          0.000000
       0.925000          0.000000
       0.975000          0.000000
       1.025000          0.000000
       1.075000          0.000000
       1.125000          0.000000
       1.175000          0.000000
       1.225000          0.000000
       1.275000          0.000000
       1.325000          0.000000
       1.375000          0.000000
       1.425000          0.000000
       1.475000          0.000000
       1.525000          0.000000
       1.575000          0.000000
       1.625000          0.000000
       1.675000          0.000000
       1.725000          0.000000
       1.775000          0.000000
       1.825000          0.000000
       1.875000          0.000000
       1.925000          0.000000
       1.975000          0.000000
       2.025000          0.000000
       2.075000          0.000000
       2.125000          0.000000
       2.175000          0.000000
       2.225000          0.000000
       2.275000          0.000000
       2.325000          0.000000
       2.375000          0.000000
       2.425000          0.000000
       2.475000          0.000000
       2.525000          0.000000
       2.575000          0.000000
       2.633228          0.000931
       2.683385          0.003840
       2.733542          0.012647
       2.783699          0.036619
       2.833855          0.086213
       2.884012          0.149016
       2.934169          0.211819
       2.984320          0.276138
       3.034482          0.348067
       3.084639          0.439903
       3.134796          0.543179
       3.184950          0.623241
       3.235109          0.688067
       3.285266          0.768919
       3.335423          0.868538
       3.385579          0.984012
       3.435736          1.102776
       3.485893          1.212195
       3.536050          1.305701
       3.586206          1.380099
       3.636363          1.441090
       3.686520          1.483801
       3.736677          1.496588
       3.786833          1.484913
       3.836990          1.457404
       3.887147          1.401217
       3.937304          1.304805
       3.987460          1.199187
       4.037617          1.104320
       4.087774          1.021556
       4.163009          0.917225
       4.213166          0.856596
       4.263322          0.817473
       4.313479          0.804618
       4.363636          0.821829
       4.413793          0.858725
       4.463949          0.900358
       4.514106          0.944118
       4.564263          0.991332
       4.614420          1.034045
       4.664576          1.066659
       4.714733          1.090226
       4.789968          1.102257
       4.840125          1.080111
       4.890282          1.044556
       4.940438          1.008090
       4.990595          0.972700
       5.040752          0.943572
       5.090909          0.937310
       5.141065          0.954901
       5.191222          0.973075
       5.241379          0.985913
       5.291536          0.988066
       5.341692          0.990883
       5.416927          1.010003
       5.467084          0.984743
       5.517241          0.961574
       5.567398          0.987526
       5.617554          1.027798
       5.667711          1.051024
       5.717868          1.071117
       5.768025          1.098495
       5.818181          1.132491
       5.868338          1.163461
       5.918495          1.172118
       5.968652          1.168122
       6.018808          1.171618
       6.068965          1.171818
       6.119122          1.154576
       6.194357          1.114530
       6.269592          1.068035
       6.319749          1.027173
       6.369906          0.970195
       6.420062          0.911538
       6.470219          0.879841
       6.520376          0.870210
       6.570532          0.866791
       6.620689          0.865000
       6.670846          0.862933
       6.721003          0.854631
       6.771159          0.842825
       6.821316          0.848624
       6.871473          0.865278
       6.921630          0.856900
       6.971786          0.836770
       7.021943          0.841600
       7.072100          0.864174
       7.122257          0.887082
       7.172413          0.911936
       7.222570          0.938800
       7.272727          0.952009
       7.322884          0.947120
       7.373040          0.936316
       7.423197          0.925513
       7.473354          0.914710
       7.523511          0.903906
       7.573667          0.893103
       7.623824          0.882299
       7.673981          0.871496
       7.724137          0.860692
       7.774294          0.849889
       7.824451          0.839086
       7.874608          0.828282
       7.924764          0.817479
       7.974921          0.806675
