#Distance_(Ang)    @O_=>_@S1
       0.025000     0.000000
       0.075000     0.000000
       0.125000     0.000000
       0.175000     0.000000
       0.225000     0.000000
       0.275000     0.000000
       0.325000     0.000000
       0.375000     0.000000
       0.425000     0.000000
       0.475000     0.000000
       0.525000     0.000000
       0.575000     0.000000
       0.625000     0.000000
       0.675000     0.000000
       0.725000     0.000000
       0.775000     0.000000
       0.825000     0.000000
       0.875000     0.000000
       0.925000     0.000000
       0.975000     0.000000
       1.025000     0.000000
       1.075000     0.000000
       1.125000     0.000000
       1.175000     0.000000
       1.225000     0.000000
       1.275000     0.000000
       1.325000     0.000000
       1.375000     0.000000
       1.425000     0.000000
       1.475000     0.000000
       1.525000     0.000000
       1.575000     0.000000
       1.625000     0.000000
       1.675000     0.000000
       1.725000     0.000000
       1.775000     0.000000
       1.825000     0.000000
       1.875000     0.000000
       1.925000     0.000000
       1.975000     0.000000
       2.025000     0.000000
       2.075000     0.000000
       2.125000     0.000000
       2.175000     0.000000
       2.225000     0.000000
       2.275000     0.000000
       2.325000     0.000000
       2.375000     0.000000
       2.425000     0.000000
       2.475000     0.000000
       2.525000     0.000000
       2.575000     0.000000
       2.625000     0.000000
       2.675000     0.000000
       2.725000     0.000000
       2.775000     0.001261
       2.825000     0.032233
       2.875000     0.203760
       2.925000     0.765856
       2.975000     1.803663
       3.025000     2.943798
       3.075000     3.727111
       3.125000     3.864264
       3.175000     3.657331
       3.225000     3.153273
       3.275000     2.488900
       3.325000     1.930371
       3.375000     1.495641
       3.425000     1.162661
       3.475000     0.946965
       3.525000     0.805841
       3.575000     0.760672
       3.625000     0.693293
       3.675000     0.655869
       3.725000     0.691899
       3.775000     0.666200
       3.825000     0.705294
       3.875000     0.749272
       3.925000     0.770632
       3.975000     0.806967
       4.025000     0.855950
       4.075000     0.906686
       4.125000     0.921636
       4.175000     0.947866
       4.225000     1.016381
       4.275000     1.021959
       4.325000     1.071380
       4.375000     1.143899
       4.425000     1.155377
       4.475000     1.231257
       4.525000     1.278631
       4.575000     1.342433
       4.625000     1.367115
       4.675000     1.352020
       4.725000     1.386387
       4.775000     1.432863
       4.825000     1.475248
       4.875000     1.484150
       4.925000     1.522004
       4.975000     1.482740
       5.025000     1.482021
       5.075000     1.461632
       5.125000     1.434360
       5.175000     1.443206
       5.225000     1.383360
       5.275000     1.325164
       5.325000     1.326756
       5.375000     1.253130
       5.425000     1.243661
       5.475000     1.218459
       5.525000     1.216699
       5.575000     1.226830
       5.625000     1.241933
       5.675000     1.214871
       5.725000     1.194336
       5.775000     1.198485
       5.825000     1.213188
       5.875000     1.176595
       5.925000     1.176039
       5.975000     1.158478
       6.025000     1.142005
       6.075000     1.127624
       6.125000     1.114852
       6.175000     1.152370
       6.225000     1.180026
       6.275000     1.147367
       6.325000     1.175888
       6.375000     1.196568
       6.425000     1.200710
       6.475000     1.200414
       6.525000     1.193943
       6.575000     1.206841
       6.625000     1.203623
       6.675000     1.160603
       6.725000     1.164552
       6.775000     1.137275
       6.825000     1.147140
       6.875000     1.112955
       6.925000     1.096840
       6.975000     1.061118
       7.025000     1.037609
       7.075000     1.016886
       7.125000     0.958588
       7.175000     0.950837
       7.225000     0.966454
       7.275000     0.916898
       7.325000     0.881809
       7.375000     0.869714
       7.425000     0.842721
       7.475000     0.824275
       7.525000     0.792614
       7.575000     0.777871
       7.625000     0.738735
       7.675000     0.715133
       7.725000     0.687606
       7.775000     0.670279
       7.825000     0.660790
       7.875000     0.640294
       7.925000     0.610370
       7.975000     0.585645
