#Distance_(Ang)    @O_=>_@S1
       0.025000     0.000000
       0.075000     0.000000
       0.125000     0.000000
       0.175000     0.000000
       0.225000     0.000000
       0.275000     0.000000
       0.325000     0.000000
       0.375000     0.000000
       0.425000     0.000000
       0.475000     0.000000
       0.525000     0.000000
       0.575000     0.000000
       0.625000     0.000000
       0.675000     0.000000
       0.725000     0.000000
       0.775000     0.000000
       0.825000     0.000000
       0.875000     0.000000
       0.925000     0.000000
       0.975000     0.000000
       1.025000     0.000000
       1.075000     0.000000
       1.125000     0.000000
       1.175000     0.000000
       1.225000     0.000000
       1.275000     0.000000
       1.325000     0.000000
       1.375000     0.000000
       1.425000     0.000000
       1.475000     0.000000
       1.525000     0.000000
       1.575000     0.000000
       1.625000     0.000000
       1.675000     0.000000
       1.725000     0.000000
       1.775000     0.000000
       1.825000     0.000000
       1.875000     0.000000
       1.925000     0.000000
       1.975000     0.000000
       2.025000     0.000000
       2.075000     0.000000
       2.125000     0.000000
       2.175000     0.000000
       2.225000     0.000000
       2.275000     0.000000
       2.325000     0.000000
       2.375000     0.000000
       2.425000     0.000000
       2.475000     0.000000
       2.525000     0.000000
       2.575000     0.000000
       2.625000     0.000000
       2.675000     0.000000
       2.725000     0.000000
       2.775000     0.000000
       2.825000     0.002433
       2.875000     0.046976
       2.925000     0.281381
       2.975000     0.868105
       3.025000     1.907900
       3.075000     3.035175
       3.125000     3.756413
       3.175000     3.850405
       3.225000     3.525207
       3.275000     3.056369
       3.325000     2.429536
       3.375000     1.854850
       3.425000     1.457671
       3.475000     1.128239
       3.525000     0.932010
       3.575000     0.851057
       3.625000     0.790436
       3.675000     0.721636
       3.725000     0.705891
       3.775000     0.716267
       3.825000     0.724867
       3.875000     0.773192
       3.925000     0.794576
       3.975000     0.821712
       4.025000     0.847262
       4.075000     0.882426
       4.125000     0.865727
       4.175000     0.920578
       4.225000     0.951396
       4.275000     0.962735
       4.325000     0.995872
       4.375000     1.096480
       4.425000     1.122409
       4.475000     1.158545
       4.525000     1.219132
       4.575000     1.286083
       4.625000     1.333760
       4.675000     1.392216
       4.725000     1.399431
       4.775000     1.445422
       4.825000     1.452523
       4.875000     1.489664
       4.925000     1.506796
       4.975000     1.510979
       5.025000     1.485866
       5.075000     1.484434
       5.125000     1.414402
       5.175000     1.346968
       5.225000     1.403628
       5.275000     1.386216
       5.325000     1.341306
       5.375000     1.254978
       5.425000     1.252732
       5.475000     1.244205
       5.525000     1.231327
       5.575000     1.227455
       5.625000     1.202356
       5.675000     1.173576
       5.725000     1.182044
       5.775000     1.194701
       5.825000     1.194449
       5.875000     1.214282
       5.925000     1.163734
       5.975000     1.130472
       6.025000     1.146283
       6.075000     1.172076
       6.125000     1.175789
       6.175000     1.172991
       6.225000     1.203198
       6.275000     1.184840
       6.325000     1.239705
       6.375000     1.240160
       6.425000     1.210586
       6.475000     1.207012
       6.525000     1.208193
       6.575000     1.216722
       6.625000     1.211253
       6.675000     1.193938
       6.725000     1.157040
       6.775000     1.093497
       6.825000     1.090767
       6.875000     1.050827
       6.925000     1.041781
       6.975000     1.036077
       7.025000     1.013218
       7.075000     0.969179
       7.125000     0.968914
       7.175000     0.950366
       7.225000     0.919591
       7.275000     0.894888
       7.325000     0.892211
       7.375000     0.878638
       7.425000     0.823616
       7.475000     0.824883
       7.525000     0.815501
       7.575000     0.797242
       7.625000     0.763947
       7.675000     0.734827
       7.725000     0.728843
       7.775000     0.705126
       7.825000     0.693845
       7.875000     0.673009
       7.925000     0.627758
       7.975000     0.617393
