#Distance_(Ang)    @O_=>_@S1
       0.025000     0.000000
       0.075000     0.000000
       0.125000     0.000000
       0.175000     0.000000
       0.225000     0.000000
       0.275000     0.000000
       0.325000     0.000000
       0.375000     0.000000
       0.425000     0.000000
       0.475000     0.000000
       0.525000     0.000000
       0.575000     0.000000
       0.625000     0.000000
       0.675000     0.000000
       0.725000     0.000000
       0.775000     0.000000
       0.825000     0.000000
       0.875000     0.000000
       0.925000     0.000000
       0.975000     0.000000
       1.025000     0.000000
       1.075000     0.000000
       1.125000     0.000000
       1.175000     0.000000
       1.225000     0.000000
       1.275000     0.000000
       1.325000     0.000000
       1.375000     0.000000
       1.425000     0.000000
       1.475000     0.000000
       1.525000     0.000000
       1.575000     0.000000
       1.625000     0.000000
       1.675000     0.000000
       1.725000     0.000000
       1.775000     0.000000
       1.825000     0.000000
       1.875000     0.000000
       1.925000     0.000000
       1.975000     0.000000
       2.025000     0.000000
       2.075000     0.000000
       2.125000     0.000000
       2.175000     0.000000
       2.225000     0.000000
       2.275000     0.000000
       2.325000     0.000000
       2.375000     0.000000
       2.425000     0.000000
       2.475000     0.000000
       2.525000     0.000000
       2.575000     0.000000
       2.625000     0.000000
       2.675000     0.000000
       2.725000     0.000000
       2.775000     0.010715
       2.825000     0.165423
       2.875000     0.618326
       2.925000     1.633826
       2.975000     2.890577
       3.025000     4.012052
       3.075000     4.274808
       3.125000     3.971122
       3.175000     3.427183
       3.225000     2.628272
       3.275000     2.028227
       3.325000     1.509790
       3.375000     1.125353
       3.425000     0.895787
       3.475000     0.717459
       3.525000     0.663266
       3.575000     0.632691
       3.625000     0.590980
       3.675000     0.583274
       3.725000     0.583462
       3.775000     0.572877
       3.825000     0.628328
       3.875000     0.669432
       3.925000     0.679580
       3.975000     0.710512
       4.025000     0.795731
       4.075000     0.843259
       4.125000     0.929908
       4.175000     0.987407
       4.225000     1.010399
       4.275000     1.091542
       4.325000     1.179582
       4.375000     1.249135
       4.425000     1.272377
       4.475000     1.287973
       4.525000     1.307313
       4.575000     1.351477
       4.625000     1.407278
       4.675000     1.416645
       4.725000     1.466174
       4.775000     1.436269
       4.825000     1.458361
       4.875000     1.478023
       4.925000     1.502994
       4.975000     1.467052
       5.025000     1.441847
       5.075000     1.460124
       5.125000     1.412555
       5.175000     1.391191
       5.225000     1.354559
       5.275000     1.334583
       5.325000     1.313233
       5.375000     1.275307
       5.425000     1.262627
       5.475000     1.270760
       5.525000     1.238006
       5.575000     1.234170
       5.625000     1.224599
       5.675000     1.209747
       5.725000     1.230765
       5.775000     1.217405
       5.825000     1.204606
       5.875000     1.199376
       5.925000     1.206318
       5.975000     1.170171
       6.025000     1.157649
       6.075000     1.191278
       6.125000     1.167638
       6.175000     1.158607
       6.225000     1.173012
       6.275000     1.184594
       6.325000     1.206947
       6.375000     1.174354
       6.425000     1.203884
       6.475000     1.211991
       6.525000     1.214008
       6.575000     1.186520
       6.625000     1.180179
       6.675000     1.152651
       6.725000     1.163586
       6.775000     1.106609
       6.825000     1.045232
       6.875000     1.037888
       6.925000     1.024372
       6.975000     1.039070
       7.025000     0.997580
       7.075000     0.975094
       7.125000     0.949027
       7.175000     0.914350
       7.225000     0.918196
       7.275000     0.885259
       7.325000     0.878371
       7.375000     0.860076
       7.425000     0.840168
       7.475000     0.810637
       7.525000     0.782157
       7.575000     0.749112
       7.625000     0.735062
       7.675000     0.710931
       7.725000     0.699562
       7.775000     0.673090
       7.825000     0.672442
       7.875000     0.648903
       7.925000     0.620493
       7.975000     0.619606
