#Distance_(Ang)    @O_=>_@S1
       0.025000     0.000000
       0.075000     0.000000
       0.125000     0.000000
       0.175000     0.000000
       0.225000     0.000000
       0.275000     0.000000
       0.325000     0.000000
       0.375000     0.000000
       0.425000     0.000000
       0.475000     0.000000
       0.525000     0.000000
       0.575000     0.000000
       0.625000     0.000000
       0.675000     0.000000
       0.725000     0.000000
       0.775000     0.000000
       0.825000     0.000000
       0.875000     0.000000
       0.925000     0.000000
       0.975000     0.000000
       1.025000     0.000000
       1.075000     0.000000
       1.125000     0.000000
       1.175000     0.000000
       1.225000     0.000000
       1.275000     0.000000
       1.325000     0.000000
       1.375000     0.000000
       1.425000     0.000000
       1.475000     0.000000
       1.525000     0.000000
       1.575000     0.000000
       1.625000     0.000000
       1.675000     0.000000
       1.725000     0.000000
       1.775000     0.000000
       1.825000     0.000000
       1.875000     0.000000
       1.925000     0.000000
       1.975000     0.000000
       2.025000     0.000000
       2.075000     0.000000
       2.125000     0.000000
       2.175000     0.000000
       2.225000     0.000000
       2.275000     0.000000
       2.325000     0.000000
       2.375000     0.000000
       2.425000     0.000000
       2.475000     0.000000
       2.525000     0.000000
       2.575000     0.000000
       2.625000     0.000704
       2.675000     0.005426
       2.725000     0.063402
       2.775000     0.395820
       2.825000     1.352578
       2.875000     2.810359
       2.925000     4.215612
       2.975000     4.744144
       3.025000     4.471391
       3.075000     3.728651
       3.125000     2.871732
       3.175000     2.139702
       3.225000     1.592270
       3.275000     1.177476
       3.325000     0.893406
       3.375000     0.726089
       3.425000     0.599122
       3.475000     0.510863
       3.525000     0.485926
       3.575000     0.489139
       3.625000     0.480910
       3.675000     0.544102
       3.725000     0.550231
       3.775000     0.608299
       3.825000     0.627665
       3.875000     0.672664
       3.925000     0.765591
       3.975000     0.800823
       4.025000     0.852056
       4.075000     0.871903
       4.125000     0.903665
       4.175000     0.977383
       4.225000     1.047922
       4.275000     1.082778
       4.325000     1.168165
       4.375000     1.253953
       4.425000     1.246349
       4.475000     1.292093
       4.525000     1.313476
       4.575000     1.338491
       4.625000     1.400017
       4.675000     1.433523
       4.725000     1.409432
       4.775000     1.443294
       4.825000     1.455442
       4.875000     1.417366
       4.925000     1.403341
       4.975000     1.416653
       5.025000     1.419549
       5.075000     1.428276
       5.125000     1.433990
       5.175000     1.404421
       5.225000     1.393316
       5.275000     1.381680
       5.325000     1.379648
       5.375000     1.325539
       5.425000     1.359930
       5.475000     1.285171
       5.525000     1.290795
       5.575000     1.271181
       5.625000     1.274148
       5.675000     1.242752
       5.725000     1.239651
       5.775000     1.189753
       5.825000     1.218338
       5.875000     1.202189
       5.925000     1.179081
       5.975000     1.178192
       6.025000     1.185861
       6.075000     1.164317
       6.125000     1.164274
       6.175000     1.177574
       6.225000     1.149339
       6.275000     1.167706
       6.325000     1.184987
       6.375000     1.198240
       6.425000     1.205413
       6.475000     1.225304
       6.525000     1.187445
       6.575000     1.162830
       6.625000     1.160605
       6.675000     1.132498
       6.725000     1.097368
       6.775000     1.083557
       6.825000     1.099937
       6.875000     1.056167
       6.925000     1.034594
       6.975000     1.030490
       7.025000     0.987253
       7.075000     0.978681
       7.125000     0.952660
       7.175000     0.947254
       7.225000     0.938931
       7.275000     0.894063
       7.325000     0.920435
       7.375000     0.878905
       7.425000     0.854342
       7.475000     0.810637
       7.525000     0.797329
       7.575000     0.750550
       7.625000     0.742575
       7.675000     0.701703
       7.725000     0.675324
       7.775000     0.664177
       7.825000     0.643033
       7.875000     0.642799
       7.925000     0.613152
       7.975000     0.602664
